DROP SCHEMA public CASCADE;
NOTICE:  drop cascades to extension sveddy
CREATE SCHEMA public;
GRANT ALL ON SCHEMA public TO current_user;
GRANT ALL ON SCHEMA public TO public;
CREATE EXTENSION sveddy;
CREATE TABLE ratings (
	uid integer,
	iid integer,
	rating integer
);
INSERT INTO ratings (uid, iid, rating) VALUES
(1, 1, 4),
(1, 2, 3),
(2, 1, 5),
(3, 3, 4);
CALL initialize_model_uv('ratings', 'uid', 'iid', 'rating', 2);
DELETE FROM ratings WHERE uid = 2;
DELETE FROM ratings WHERE uid = 3;
CALL garbage_collect_uv('ratings');
SELECT id FROM ratings_sveddy_model_u;
 id 
----
  1
(1 row)

SELECT id FROM ratings_sveddy_model_v;
 id 
----
  2
  1
(2 rows)

